Added Component: Designator=Deck1(HDR_EDGE_2x3)
Add component. Clean all parameters for all variants
Add component (AddParameter): Name = "LatestRevisionDate"; Value = "17-Jul-2002"; VariantName = "[No Variations]"
Add component (AddParameter): Name = "LatestRevisionNote"; Value = "Re-released for DXP Platform."; VariantName = "[No Variations]"
Add component (AddParameter): Name = "Publisher"; Value = "Altium Limited"; VariantName = "[No Variations]"
Added Component: Designator=Deck2(HDR_EDGE_2x3)
Add component. Clean all parameters for all variants
Add component (AddParameter): Name = "LatestRevisionDate"; Value = "17-Jul-2002"; VariantName = "[No Variations]"
Add component (AddParameter): Name = "LatestRevisionNote"; Value = "Re-released for DXP Platform."; VariantName = "[No Variations]"
Add component (AddParameter): Name = "Publisher"; Value = "Altium Limited"; VariantName = "[No Variations]"
Added Component: Designator=FPV(HDR_EDGE_2x3)
Add component. Clean all parameters for all variants
Add component (AddParameter): Name = "LatestRevisionDate"; Value = "17-Jul-2002"; VariantName = "[No Variations]"
Add component (AddParameter): Name = "LatestRevisionNote"; Value = "Re-released for DXP Platform."; VariantName = "[No Variations]"
Add component (AddParameter): Name = "Publisher"; Value = "Altium Limited"; VariantName = "[No Variations]"
Added Component: Designator=IO(HDR_EDGE_2x6)
Add component. Clean all parameters for all variants
Add component (AddParameter): Name = "LatestRevisionDate"; Value = "17-Jul-2002"; VariantName = "[No Variations]"
Add component (AddParameter): Name = "LatestRevisionNote"; Value = "Re-released for DXP Platform."; VariantName = "[No Variations]"
Add component (AddParameter): Name = "Publisher"; Value = "Altium Limited"; VariantName = "[No Variations]"
Added Component: Designator=P1(HDR_EDGE_2x8)
Add component. Clean all parameters for all variants
Add component (AddParameter): Name = "LatestRevisionDate"; Value = "17-Jul-2002"; VariantName = "[No Variations]"
Add component (AddParameter): Name = "LatestRevisionNote"; Value = "Re-released for DXP Platform."; VariantName = "[No Variations]"
Add component (AddParameter): Name = "Publisher"; Value = "Altium Limited"; VariantName = "[No Variations]"
Added Component: Designator=RXer(HDR_EDGE_2x3)
Add component. Clean all parameters for all variants
Add component (AddParameter): Name = "LatestRevisionDate"; Value = "17-Jul-2002"; VariantName = "[No Variations]"
Add component (AddParameter): Name = "LatestRevisionNote"; Value = "Re-released for DXP Platform."; VariantName = "[No Variations]"
Add component (AddParameter): Name = "Publisher"; Value = "Altium Limited"; VariantName = "[No Variations]"
Added Pin To Net: NetName=T2C2 Pin=Deck1-1
Added Pin To Net: NetName=5v Pin=Deck1-2
Added Pin To Net: NetName=GND Pin=Deck1-3
Added Pin To Net: NetName=T2C1 Pin=Deck1-4
Added Pin To Net: NetName=5v Pin=Deck1-5
Added Pin To Net: NetName=GND Pin=Deck1-6
Added Pin To Net: NetName=T1C3 Pin=Deck2-1
Added Pin To Net: NetName=5v Pin=Deck2-2
Added Pin To Net: NetName=GND Pin=Deck2-3
Added Pin To Net: NetName=T1C4 Pin=Deck2-4
Added Pin To Net: NetName=5v Pin=Deck2-5
Added Pin To Net: NetName=GND Pin=Deck2-6
Added Pin To Net: NetName=AV Pin=FPV-1
Added Pin To Net: NetName=9v Pin=FPV-2
Added Pin To Net: NetName=GND Pin=FPV-3
Added Pin To Net: NetName=AV Pin=FPV-4
Added Pin To Net: NetName=9v Pin=FPV-5
Added Pin To Net: NetName=GND Pin=FPV-6
Added Pin To Net: NetName=5v Pin=IO-1
Added Pin To Net: NetName=5v Pin=IO-2
Added Pin To Net: NetName=5v Pin=IO-3
Added Pin To Net: NetName=3v3 Pin=IO-4
Added Pin To Net: NetName=3v3 Pin=IO-5
Added Pin To Net: NetName=3v3 Pin=IO-6
Added Pin To Net: NetName=SW1 Pin=IO-7
Added Pin To Net: NetName=SW2 Pin=IO-8
Added Pin To Net: NetName=SW3 Pin=IO-9
Added Pin To Net: NetName=SW4 Pin=IO-10
Added Pin To Net: NetName=SW5 Pin=IO-11
Added Pin To Net: NetName=SW6 Pin=IO-12
Added Pin To Net: NetName=5v Pin=P1-1
Added Pin To Net: NetName=GND Pin=P1-2
Added Pin To Net: NetName=NetD4_2 Pin=P1-3
Added Pin To Net: NetName=NetD4_2 Pin=P1-4
Added Pin To Net: NetName=9v Pin=P1-5
Added Pin To Net: NetName=GND Pin=P1-6
Added Pin To Net: NetName=Drv_BAT Pin=P1-7
Added Pin To Net: NetName=Drv_BAT Pin=P1-8
Added Pin To Net: NetName=5v Pin=P1-9
Added Pin To Net: NetName=GND Pin=P1-10
Added Pin To Net: NetName=NetD4_2 Pin=P1-11
Added Pin To Net: NetName=NetD4_2 Pin=P1-12
Added Pin To Net: NetName=9v Pin=P1-13
Added Pin To Net: NetName=GND Pin=P1-14
Added Pin To Net: NetName=Drv_BAT Pin=P1-15
Added Pin To Net: NetName=Drv_BAT Pin=P1-16
Added Pin To Net: NetName=SBUS Pin=RXer-1
Added Pin To Net: NetName=5v Pin=RXer-2
Added Pin To Net: NetName=GND Pin=RXer-3
Added Pin To Net: NetName=SBUS Pin=RXer-4
Added Pin To Net: NetName=5v Pin=RXer-5
Added Pin To Net: NetName=GND Pin=RXer-6
Added Member To Class: ClassName=DemoCatV2 Member=Component Deck1 Header 3X2A
Added Member To Class: ClassName=DemoCatV2 Member=Component Deck2 Header 3X2A
Added Member To Class: ClassName=DemoCatV2 Member=Component FPV Header 3X2A
Added Member To Class: ClassName=DemoCatV2 Member=Component IO Header 6X2A
Added Member To Class: ClassName=DemoCatV2 Member=Component P1 Header 8X2A
Added Member To Class: ClassName=DemoCatV2 Member=Component RXer Header 3X2A
