Added Component: Designator=Motor1(PH-PS-2.0-6)
Add component. Clean all parameters for all variants
Add component (AddParameter): Name = "LatestRevisionDate"; Value = "17-Jul-2002"; VariantName = "[No Variations]"
Add component (AddParameter): Name = "LatestRevisionNote"; Value = "Re-released for DXP Platform."; VariantName = "[No Variations]"
Add component (AddParameter): Name = "Publisher"; Value = "Altium Limited"; VariantName = "[No Variations]"
Added Component: Designator=Motor2(PH-PS-2.0-6)
Add component. Clean all parameters for all variants
Add component (AddParameter): Name = "LatestRevisionDate"; Value = "17-Jul-2002"; VariantName = "[No Variations]"
Add component (AddParameter): Name = "LatestRevisionNote"; Value = "Re-released for DXP Platform."; VariantName = "[No Variations]"
Add component (AddParameter): Name = "Publisher"; Value = "Altium Limited"; VariantName = "[No Variations]"
Added Component: Designator=Motor3(PH-PS-2.0-6)
Add component. Clean all parameters for all variants
Add component (AddParameter): Name = "LatestRevisionDate"; Value = "17-Jul-2002"; VariantName = "[No Variations]"
Add component (AddParameter): Name = "LatestRevisionNote"; Value = "Re-released for DXP Platform."; VariantName = "[No Variations]"
Add component (AddParameter): Name = "Publisher"; Value = "Altium Limited"; VariantName = "[No Variations]"
Added Component: Designator=Motor4(PH-PS-2.0-6)
Add component. Clean all parameters for all variants
Add component (AddParameter): Name = "LatestRevisionDate"; Value = "17-Jul-2002"; VariantName = "[No Variations]"
Add component (AddParameter): Name = "LatestRevisionNote"; Value = "Re-released for DXP Platform."; VariantName = "[No Variations]"
Add component (AddParameter): Name = "Publisher"; Value = "Altium Limited"; VariantName = "[No Variations]"
Added Pin To Net: NetName=MH1 Pin=Motor1-1
Added Pin To Net: NetName=ML1 Pin=Motor1-6
Added Pin To Net: NetName=ML1 Pin=Motor2-1
Added Pin To Net: NetName=GND Pin=Motor2-2
Added Pin To Net: NetName=T4CH2 Pin=Motor2-3
Added Pin To Net: NetName=T4CH1 Pin=Motor2-4
Added Pin To Net: NetName=5v Pin=Motor2-5
Added Pin To Net: NetName=MH1 Pin=Motor2-6
Added Pin To Net: NetName=MH2 Pin=Motor3-1
Added Pin To Net: NetName=ML2 Pin=Motor3-6
Added Pin To Net: NetName=ML2 Pin=Motor4-1
Added Pin To Net: NetName=GND Pin=Motor4-2
Added Pin To Net: NetName=T3CH2 Pin=Motor4-3
Added Pin To Net: NetName=T3CH1 Pin=Motor4-4
Added Pin To Net: NetName=5v Pin=Motor4-5
Added Pin To Net: NetName=MH2 Pin=Motor4-6
Added Member To Class: ClassName=DemoCatV2 Member=Component Motor1 Header 6
Added Member To Class: ClassName=DemoCatV2 Member=Component Motor2 Header 6
Added Member To Class: ClassName=DemoCatV2 Member=Component Motor3 Header 6
Added Member To Class: ClassName=DemoCatV2 Member=Component Motor4 Header 6
