Removed Pin From Net: NetName=T1C3 Pin=Arm-1
Removed Pin From Net: NetName=T1C4 Pin=Arm-2
Removed Pin From Net: NetName=5v Pin=Arm-3
Removed Pin From Net: NetName=5v Pin=Arm-4
Removed Pin From Net: NetName=GND Pin=Arm-5
Removed Pin From Net: NetName=GND Pin=Arm-6
Removed Pin From Net: NetName=AV Pin=Camera-1
Removed Pin From Net: NetName=AV Pin=Camera-2
Removed Pin From Net: NetName=9v Pin=Camera-3
Removed Pin From Net: NetName=9v Pin=Camera-4
Removed Pin From Net: NetName=GND Pin=Camera-5
Removed Pin From Net: NetName=GND Pin=Camera-6
Removed Pin From Net: NetName=T2C2 Pin=Deck-1
Removed Pin From Net: NetName=T2C1 Pin=Deck-2
Removed Pin From Net: NetName=5v Pin=Deck-3
Removed Pin From Net: NetName=5v Pin=Deck-4
Removed Pin From Net: NetName=GND Pin=Deck-5
Removed Pin From Net: NetName=GND Pin=Deck-6
Removed Pin From Net: NetName=SW1 Pin=P1-2
Removed Pin From Net: NetName=5v Pin=P1-3
Removed Pin From Net: NetName=SW2 Pin=P1-4
Removed Pin From Net: NetName=5v Pin=P1-5
Removed Pin From Net: NetName=SW3 Pin=P1-6
Removed Pin From Net: NetName=3v3 Pin=P1-7
Removed Pin From Net: NetName=SW4 Pin=P1-8
Removed Pin From Net: NetName=3v3 Pin=P1-9
Removed Pin From Net: NetName=SW5 Pin=P1-10
Removed Pin From Net: NetName=3v3 Pin=P1-11
Removed Pin From Net: NetName=SW6 Pin=P1-12
Removed Pin From Net: NetName=5v Pin=P2-1
Removed Pin From Net: NetName=GND Pin=P2-2
Removed Pin From Net: NetName=NetD4_2 Pin=P2-3
Removed Pin From Net: NetName=NetD4_2 Pin=P2-4
Removed Pin From Net: NetName=9v Pin=P2-5
Removed Pin From Net: NetName=GND Pin=P2-6
Removed Pin From Net: NetName=Drv_BAT Pin=P2-7
Removed Pin From Net: NetName=Drv_BAT Pin=P2-8
Removed Pin From Net: NetName=SBUS Pin=RXer-2
Removed Pin From Net: NetName=5v Pin=RXer-3
Removed Pin From Net: NetName=5v Pin=RXer-4
Removed Pin From Net: NetName=GND Pin=RXer-5
Removed Member From Class: ClassName=DemoCatV2 Member=Arm
Removed Member From Class: ClassName=DemoCatV2 Member=Camera
Removed Member From Class: ClassName=DemoCatV2 Member=Deck
Removed Member From Class: ClassName=DemoCatV2 Member=P2
Change Component Footprint: Designator=RXer Old Footprint=HDR2X3 New Footprint=HDR2X3_CEN
Change Component Footprint: Designator=P1 Old Footprint=HDR2X6 New Footprint=HDR2X8_CEN
Change Component Comment : Designator=RXer Old Comment=Header 3X2 New Comment=Header 3X2A
Change Component Comment : Designator=P1 Old Comment=Header 6X2 New Comment=Header 8X2A
Added Component: Designator=Deck1(HDR2X3_CEN)
Add component. Clean all parameters for all variants
Add component (AddParameter): Name = "LatestRevisionDate"; Value = "17-Jul-2002"; VariantName = "[No Variations]"
Add component (AddParameter): Name = "LatestRevisionNote"; Value = "Re-released for DXP Platform."; VariantName = "[No Variations]"
Add component (AddParameter): Name = "Publisher"; Value = "Altium Limited"; VariantName = "[No Variations]"
Added Component: Designator=Deck2(HDR2X3_CEN)
Add component. Clean all parameters for all variants
Add component (AddParameter): Name = "LatestRevisionDate"; Value = "17-Jul-2002"; VariantName = "[No Variations]"
Add component (AddParameter): Name = "LatestRevisionNote"; Value = "Re-released for DXP Platform."; VariantName = "[No Variations]"
Add component (AddParameter): Name = "Publisher"; Value = "Altium Limited"; VariantName = "[No Variations]"
Added Component: Designator=FPV(HDR2X3_CEN)
Add component. Clean all parameters for all variants
Add component (AddParameter): Name = "LatestRevisionDate"; Value = "17-Jul-2002"; VariantName = "[No Variations]"
Add component (AddParameter): Name = "LatestRevisionNote"; Value = "Re-released for DXP Platform."; VariantName = "[No Variations]"
Add component (AddParameter): Name = "Publisher"; Value = "Altium Limited"; VariantName = "[No Variations]"
Added Component: Designator=IO(HDR2X6_CEN)
Add component. Clean all parameters for all variants
Add component (AddParameter): Name = "LatestRevisionDate"; Value = "17-Jul-2002"; VariantName = "[No Variations]"
Add component (AddParameter): Name = "LatestRevisionNote"; Value = "Re-released for DXP Platform."; VariantName = "[No Variations]"
Add component (AddParameter): Name = "Publisher"; Value = "Altium Limited"; VariantName = "[No Variations]"
Added Pin To Net: NetName=T2C2 Pin=Deck1-1
Added Pin To Net: NetName=5v Pin=Deck1-2
Added Pin To Net: NetName=GND Pin=Deck1-3
Added Pin To Net: NetName=T2C1 Pin=Deck1-4
Added Pin To Net: NetName=5v Pin=Deck1-5
Added Pin To Net: NetName=GND Pin=Deck1-6
Added Pin To Net: NetName=T1C3 Pin=Deck2-1
Added Pin To Net: NetName=5v Pin=Deck2-2
Added Pin To Net: NetName=GND Pin=Deck2-3
Added Pin To Net: NetName=T1C4 Pin=Deck2-4
Added Pin To Net: NetName=5v Pin=Deck2-5
Added Pin To Net: NetName=GND Pin=Deck2-6
Added Pin To Net: NetName=AV Pin=FPV-1
Added Pin To Net: NetName=9v Pin=FPV-2
Added Pin To Net: NetName=GND Pin=FPV-3
Added Pin To Net: NetName=AV Pin=FPV-4
Added Pin To Net: NetName=9v Pin=FPV-5
Added Pin To Net: NetName=GND Pin=FPV-6
Added Pin To Net: NetName=5v Pin=IO-1
Added Pin To Net: NetName=5v Pin=IO-2
Added Pin To Net: NetName=5v Pin=IO-3
Added Pin To Net: NetName=3v3 Pin=IO-4
Added Pin To Net: NetName=3v3 Pin=IO-5
Added Pin To Net: NetName=3v3 Pin=IO-6
Added Pin To Net: NetName=SW1 Pin=IO-7
Added Pin To Net: NetName=SW2 Pin=IO-8
Added Pin To Net: NetName=SW3 Pin=IO-9
Added Pin To Net: NetName=SW4 Pin=IO-10
Added Pin To Net: NetName=SW5 Pin=IO-11
Added Pin To Net: NetName=SW6 Pin=IO-12
Added Pin To Net: NetName=GND Pin=P1-2
Added Pin To Net: NetName=NetD4_2 Pin=P1-3
Added Pin To Net: NetName=NetD4_2 Pin=P1-4
Added Pin To Net: NetName=9v Pin=P1-5
Added Pin To Net: NetName=GND Pin=P1-6
Added Pin To Net: NetName=Drv_BAT Pin=P1-7
Added Pin To Net: NetName=Drv_BAT Pin=P1-8
Added Pin To Net: NetName=5v Pin=P1-9
Added Pin To Net: NetName=GND Pin=P1-10
Added Pin To Net: NetName=NetD4_2 Pin=P1-11
Added Pin To Net: NetName=NetD4_2 Pin=P1-12
Added Pin To Net: NetName=9v Pin=P1-13
Added Pin To Net: NetName=GND Pin=P1-14
Added Pin To Net: NetName=Drv_BAT Pin=P1-15
Added Pin To Net: NetName=Drv_BAT Pin=P1-16
Added Pin To Net: NetName=5v Pin=RXer-2
Added Pin To Net: NetName=GND Pin=RXer-3
Added Pin To Net: NetName=SBUS Pin=RXer-4
Added Pin To Net: NetName=5v Pin=RXer-5
Added Member To Class: ClassName=DemoCatV2 Member=Component Deck1 Header 3X2A
Added Member To Class: ClassName=DemoCatV2 Member=Component Deck2 Header 3X2A
Added Member To Class: ClassName=DemoCatV2 Member=Component FPV Header 3X2A
Added Member To Class: ClassName=DemoCatV2 Member=Component IO Header 6X2A
Added Room: Name=DemoCatV2
