Removed Pin From Net: NetName=VBAT Pin=D5-1
Removed Member From Class: ClassName=DemoCatV2 Member=D5
Added Component: Designator=C6(0603C)
Add component. Clean all parameters for all variants
Add component (AddParameter): Name = "LatestRevisionDate"; Value = "17-Jul-2002"; VariantName = "[No Variations]"
Add component (AddParameter): Name = "LatestRevisionNote"; Value = "Re-released for DXP Platform."; VariantName = "[No Variations]"
Add component (AddParameter): Name = "PackageDescription"; Value = "Radial Cap, Thru-Hole; 2 Leads; 0.3 in Pin Spacing"; VariantName = "[No Variations]"
Add component (AddParameter): Name = "PackageReference"; Value = "RAD-0.3"; VariantName = "[No Variations]"
Add component (AddParameter): Name = "Published"; Value = "8-Jun-2000"; VariantName = "[No Variations]"
Add component (AddParameter): Name = "Publisher"; Value = "Altium Limited"; VariantName = "[No Variations]"
Add component (AddParameter): Name = "Value"; Value = "100nF"; VariantName = "[No Variations]"
Added Component: Designator=P?(HDR2X8_CEN)
Add component. Clean all parameters for all variants
Add component (AddParameter): Name = "LatestRevisionDate"; Value = "17-Jul-2002"; VariantName = "[No Variations]"
Add component (AddParameter): Name = "LatestRevisionNote"; Value = "Re-released for DXP Platform."; VariantName = "[No Variations]"
Add component (AddParameter): Name = "Publisher"; Value = "Altium Limited"; VariantName = "[No Variations]"
Added Pin To Net: NetName=GND Pin=C6-1
Added Pin To Net: NetName=3v3 Pin=C6-2
Added Pin To Net: NetName=5v Pin=P?-1
Added Pin To Net: NetName=GND Pin=P?-2
Added Pin To Net: NetName=NetD4_2 Pin=P?-3
Added Pin To Net: NetName=NetD4_2 Pin=P?-4
Added Pin To Net: NetName=9v Pin=P?-5
Added Pin To Net: NetName=GND Pin=P?-6
Added Pin To Net: NetName=NetD4_2 Pin=P?-7
Added Pin To Net: NetName=NetD4_2 Pin=P?-8
Added Pin To Net: NetName=5v Pin=P?-9
Added Pin To Net: NetName=GND Pin=P?-10
Added Pin To Net: NetName=9v Pin=P?-13
Added Pin To Net: NetName=GND Pin=P?-14
Added Pin To Net: NetName=NetP?_11 Pin=P?-11
Added Pin To Net: NetName=NetP?_11 Pin=P?-12
Added Pin To Net: NetName=NetP?_11 Pin=P?-15
Added Pin To Net: NetName=NetP?_11 Pin=P?-16
Added Net: Name=NetP?_11
Added Member To Class: ClassName=DemoCatV2 Member=Component C6 Cap
Added Member To Class: ClassName=DemoCatV2 Member=Component P? Header 8X2A
Added Room: Name=DemoCatV2
