Removed Pin From Net: NetName=GND Pin=C1-1
Removed Pin From Net: NetName=GND Pin=C2-2
Removed Pin From Net: NetName=GND Pin=C3-2
Removed Pin From Net: NetName=GND Pin=C4-1
Removed Pin From Net: NetName=VBAT Pin=D4-1
Removed Pin From Net: NetName=5v Pin=DCDC-1
Removed Pin From Net: NetName=GND Pin=DCDC-2
Removed Pin From Net: NetName=9v Pin=DCDC-5
Removed Pin From Net: NetName=GND Pin=DCDC-6
Removed Pin From Net: NetName=Drv_BAT Pin=DCDC-7
Removed Pin From Net: NetName=Drv_BAT Pin=DCDC-8
Removed Pin From Net: NetName=5v Pin=DCDC-9
Removed Pin From Net: NetName=GND Pin=DCDC-10
Removed Pin From Net: NetName=9v Pin=DCDC-13
Removed Pin From Net: NetName=GND Pin=DCDC-14
Removed Pin From Net: NetName=Drv_BAT Pin=DCDC-15
Removed Pin From Net: NetName=Drv_BAT Pin=DCDC-16
Removed Pin From Net: NetName=T2C1 Pin=Deck1-1
Removed Pin From Net: NetName=5v Pin=Deck1-2
Removed Pin From Net: NetName=GND Pin=Deck1-3
Removed Pin From Net: NetName=T2C2 Pin=Deck1-4
Removed Pin From Net: NetName=5v Pin=Deck1-5
Removed Pin From Net: NetName=GND Pin=Deck1-6
Removed Pin From Net: NetName=T1C3 Pin=Deck2-1
Removed Pin From Net: NetName=5v Pin=Deck2-2
Removed Pin From Net: NetName=GND Pin=Deck2-3
Removed Pin From Net: NetName=T1C4 Pin=Deck2-4
Removed Pin From Net: NetName=5v Pin=Deck2-5
Removed Pin From Net: NetName=GND Pin=Deck2-6
Removed Pin From Net: NetName=MH1 Pin=IC1-1
Removed Pin From Net: NetName=Drv_BAT Pin=IC1-12
Removed Pin From Net: NetName=ML1 Pin=IC1-15
Removed Pin From Net: NetName=ML1 Pin=IC1-16
Removed Pin From Net: NetName=GND Pin=IC1-18
Removed Pin From Net: NetName=GND Pin=IC1-19
Removed Pin From Net: NetName=GND Pin=IC1-20
Removed Pin From Net: NetName=ML1 Pin=IC1-21
Removed Pin From Net: NetName=MH1 Pin=IC1-25
Removed Pin From Net: NetName=GND Pin=IC1-26
Removed Pin From Net: NetName=GND Pin=IC1-27
Removed Pin From Net: NetName=GND Pin=IC1-28
Removed Pin From Net: NetName=MH1 Pin=IC1-30
Removed Pin From Net: NetName=MH1 Pin=IC1-32
Removed Pin From Net: NetName=ML1 Pin=IC1-33
Removed Pin From Net: NetName=MH2 Pin=IC2-1
Removed Pin From Net: NetName=Drv_BAT Pin=IC2-12
Removed Pin From Net: NetName=ML2 Pin=IC2-15
Removed Pin From Net: NetName=ML2 Pin=IC2-16
Removed Pin From Net: NetName=GND Pin=IC2-18
Removed Pin From Net: NetName=GND Pin=IC2-19
Removed Pin From Net: NetName=GND Pin=IC2-20
Removed Pin From Net: NetName=ML2 Pin=IC2-21
Removed Pin From Net: NetName=MH2 Pin=IC2-25
Removed Pin From Net: NetName=GND Pin=IC2-26
Removed Pin From Net: NetName=GND Pin=IC2-27
Removed Pin From Net: NetName=GND Pin=IC2-28
Removed Pin From Net: NetName=MH2 Pin=IC2-30
Removed Pin From Net: NetName=MH2 Pin=IC2-32
Removed Pin From Net: NetName=ML2 Pin=IC2-33
Removed Pin From Net: NetName=SW4 Pin=Q1-1
Removed Pin From Net: NetName=PA7 Pin=Q2-2
Removed Pin From Net: NetName=PC14 Pin=Q3-2
Removed Pin From Net: NetName=SW5 Pin=Q5-1
Removed Pin From Net: NetName=PC15 Pin=Q5-2
Removed Pin From Net: NetName=SW6 Pin=Q6-1
Removed Pin From Net: NetName=SW1 Pin=Q7-1
Removed Pin From Net: NetName=PC13 Pin=Q7-2
Removed Pin From Net: NetName=Drv_BAT Pin=Q8-3
Removed Pin From Net: NetName=GND Pin=Q9-3
Removed Pin From Net: NetName=3v3 Pin=R1-2
Removed Pin From Net: NetName=3v3 Pin=R2-2
Removed Pin From Net: NetName=3v3 Pin=R3-2
Removed Pin From Net: NetName=PA7 Pin=R5-2
Removed Pin From Net: NetName=PC14 Pin=R6-2
Removed Pin From Net: NetName=T1C1 Pin=R8-2
Removed Pin From Net: NetName=GND Pin=R9-1
Removed Pin From Net: NetName=GND Pin=R12-1
Removed Pin From Net: NetName=PC15 Pin=R13-2
Removed Pin From Net: NetName=PC13 Pin=R15-2
Removed Pin From Net: NetName=3v3 Pin=R16-2
Removed Pin From Net: NetName=3v3 Pin=R17-2
Removed Pin From Net: NetName=3v3 Pin=R18-2
Removed Pin From Net: NetName=T1C2 Pin=R23-2
Removed Pin From Net: NetName=GND Pin=R24-1
Removed Pin From Net: NetName=GND Pin=R28-1
Removed Member From Class: ClassName=DemoCatV2 Member=C7
Removed Member From Class: ClassName=DemoCatV2 Member=C8
Removed Member From Class: ClassName=DemoCatV2 Member=C9
Removed Member From Class: ClassName=DemoCatV2 Member=C10
Removed Member From Class: ClassName=DemoCatV2 Member=Deck1
Removed Member From Class: ClassName=DemoCatV2 Member=Deck2
Removed Member From Class: ClassName=DemoCatV2 Member=IC1
Removed Member From Class: ClassName=DemoCatV2 Member=IC2
Removed Member From Class: ClassName=DemoCatV2 Member=Q10
Removed Member From Class: ClassName=DemoCatV2 Member=Q11
Removed Member From Class: ClassName=DemoCatV2 Member=R22
Removed Member From Class: ClassName=DemoCatV2 Member=R23
Removed Member From Class: ClassName=DemoCatV2 Member=R24
Removed Member From Class: ClassName=DemoCatV2 Member=R25
Removed Member From Class: ClassName=DemoCatV2 Member=R26
Removed Member From Class: ClassName=DemoCatV2 Member=R27
Removed Member From Class: ClassName=DemoCatV2 Member=R28
Removed Member From Class: ClassName=DemoCatV2 Member=R29
Removed Member From Class: ClassName=DemoCatV2 Member=R30
Removed Member From Class: ClassName=DemoCatV2 Member=R31
Removed Member From Class: ClassName=DemoCatV2 Member=R32
Removed Member From Class: ClassName=DemoCatV2 Member=R33
Removed Member From Class: ClassName=DemoCatV2 Member=R34
Change Component Footprint: Designator=D4 Old Footprint=DO-214AA(SMB) New Footprint=0603LED - Red
Change Component Comment : Designator=D4 Old Comment=IN4148 New Comment=LED0
Change Component Designator: OldDesignator=C5 NewDesignator=C1
Change Component Designator: OldDesignator=C6 NewDesignator=C2
Change Component Designator: OldDesignator=C7 NewDesignator=C3
Change Component Designator: OldDesignator=C8 NewDesignator=C4
Change Component Designator: OldDesignator=C9 NewDesignator=C5
Change Component Designator: OldDesignator=C10 NewDesignator=C6
Change Component Designator: OldDesignator=Q10 NewDesignator=Q8
Change Component Designator: OldDesignator=Q11 NewDesignator=Q9
Change Component Designator: OldDesignator=R4 NewDesignator=R1
Change Component Designator: OldDesignator=R5 NewDesignator=R2
Change Component Designator: OldDesignator=R6 NewDesignator=R3
Change Component Designator: OldDesignator=R13 NewDesignator=R6
Change Component Designator: OldDesignator=R14 NewDesignator=R7
Change Component Designator: OldDesignator=R15 NewDesignator=R8
Change Component Designator: OldDesignator=R19 NewDesignator=R11
Change Component Designator: OldDesignator=R20 NewDesignator=R12
Change Component Designator: OldDesignator=R21 NewDesignator=R13
Change Component Designator: OldDesignator=R26 NewDesignator=R14
Change Component Designator: OldDesignator=R29 NewDesignator=R15
Change Component Designator: OldDesignator=R30 NewDesignator=R16
Change Component Designator: OldDesignator=R31 NewDesignator=R17
Change Component Designator: OldDesignator=R32 NewDesignator=R18
Change Component Designator: OldDesignator=R33 NewDesignator=R19
Change Component Designator: OldDesignator=R34 NewDesignator=R20
Change Component Designator: OldDesignator=Safe NewDesignator=Safe2
Change component parameters: Designator = "R15"; Footprint = "0603R"; UniqueID = "\FRBSLEQL"
Change component parameters. Clean all parameters for all variants
Change component parameters (AddParameter): Name = "LatestRevisionDate"; Value = "17-Jul-2002"; VariantName = "[No Variations]"
Change component parameters (AddParameter): Name = "LatestRevisionNote"; Value = "Re-released for DXP Platform."; VariantName = "[No Variations]"
Change component parameters (AddParameter): Name = "PackageDescription"; Value = "Axial Device, Thru-Hole; 2 Leads; 0.4 in Pin Spacing"; VariantName = "[No Variations]"
Change component parameters (AddParameter): Name = "PackageReference"; Value = "AXIAL-0.4"; VariantName = "[No Variations]"
Change component parameters (AddParameter): Name = "Published"; Value = "8-Jun-2000"; VariantName = "[No Variations]"
Change component parameters (AddParameter): Name = "Publisher"; Value = "Altium Limited"; VariantName = "[No Variations]"
Change component parameters (AddParameter): Name = "Value"; Value = "10K"; VariantName = "[No Variations]"
Change component parameters: Designator = "R17"; Footprint = "0603R"; UniqueID = "\KKDDPGPJ"
Change component parameters. Clean all parameters for all variants
Change component parameters (AddParameter): Name = "LatestRevisionDate"; Value = "17-Jul-2002"; VariantName = "[No Variations]"
Change component parameters (AddParameter): Name = "LatestRevisionNote"; Value = "Re-released for DXP Platform."; VariantName = "[No Variations]"
Change component parameters (AddParameter): Name = "PackageDescription"; Value = "Axial Device, Thru-Hole; 2 Leads; 0.4 in Pin Spacing"; VariantName = "[No Variations]"
Change component parameters (AddParameter): Name = "PackageReference"; Value = "AXIAL-0.4"; VariantName = "[No Variations]"
Change component parameters (AddParameter): Name = "Published"; Value = "8-Jun-2000"; VariantName = "[No Variations]"
Change component parameters (AddParameter): Name = "Publisher"; Value = "Altium Limited"; VariantName = "[No Variations]"
Change component parameters (AddParameter): Name = "Value"; Value = "10K"; VariantName = "[No Variations]"
Change component parameters: Designator = "D4"; Footprint = "0603LED - Red"; UniqueID = "\PGFOGNTY"
Change component parameters. Clean all parameters for all variants
Change component parameters (AddParameter): Name = "LatestRevisionDate"; Value = "08-Jul-2005"; VariantName = "[No Variations]"
Change component parameters (AddParameter): Name = "LatestRevisionNote"; Value = "Mech Layer 1 removed."; VariantName = "[No Variations]"
Change component parameters (AddParameter): Name = "PackageDescription"; Value = "LED; 2 Leads"; VariantName = "[No Variations]"
Change component parameters (AddParameter): Name = "PackageReference"; Value = "LED-0"; VariantName = "[No Variations]"
Change component parameters (AddParameter): Name = "Published"; Value = "8-Jun-2000"; VariantName = "[No Variations]"
Change component parameters (AddParameter): Name = "Publisher"; Value = "Altium Limited"; VariantName = "[No Variations]"
Added Component: Designator=BAT?(XT30-IN-W)
Add component. Clean all parameters for all variants
Add component (AddParameter): Name = "LatestRevisionDate"; Value = "17-Jul-2002"; VariantName = "[No Variations]"
Add component (AddParameter): Name = "LatestRevisionNote"; Value = "Re-released for DXP Platform."; VariantName = "[No Variations]"
Add component (AddParameter): Name = "Publisher"; Value = "Altium Limited"; VariantName = "[No Variations]"
Added Component: Designator=BlueTooth1(HDR2X6)
Add component. Clean all parameters for all variants
Add component (AddParameter): Name = "LatestRevisionDate"; Value = "17-Jul-2002"; VariantName = "[No Variations]"
Add component (AddParameter): Name = "LatestRevisionNote"; Value = "Re-released for DXP Platform."; VariantName = "[No Variations]"
Add component (AddParameter): Name = "Publisher"; Value = "Altium Limited"; VariantName = "[No Variations]"
Added Component: Designator=Deck/Stepper1(HDR_EDGE_2x8)
Add component. Clean all parameters for all variants
Add component (AddParameter): Name = "LatestRevisionDate"; Value = "17-Jul-2002"; VariantName = "[No Variations]"
Add component (AddParameter): Name = "LatestRevisionNote"; Value = "Re-released for DXP Platform."; VariantName = "[No Variations]"
Add component (AddParameter): Name = "Publisher"; Value = "Altium Limited"; VariantName = "[No Variations]"
Added Component: Designator=P1(HDR2X4)
Add component. Clean all parameters for all variants
Add component (AddParameter): Name = "LatestRevisionDate"; Value = "17-Jul-2002"; VariantName = "[No Variations]"
Add component (AddParameter): Name = "LatestRevisionNote"; Value = "Re-released for DXP Platform."; VariantName = "[No Variations]"
Add component (AddParameter): Name = "Publisher"; Value = "Altium Limited"; VariantName = "[No Variations]"
Added Component: Designator=PowerMaster(GX1.25_T_6P)
Add component. Clean all parameters for all variants
Add component (AddParameter): Name = "LatestRevisionDate"; Value = "17-Jul-2002"; VariantName = "[No Variations]"
Add component (AddParameter): Name = "LatestRevisionNote"; Value = "Re-released for DXP Platform."; VariantName = "[No Variations]"
Add component (AddParameter): Name = "Publisher"; Value = "Altium Limited"; VariantName = "[No Variations]"
Added Component: Designator=R4(0603R)
Add component. Clean all parameters for all variants
Add component (AddParameter): Name = "LatestRevisionDate"; Value = "17-Jul-2002"; VariantName = "[No Variations]"
Add component (AddParameter): Name = "LatestRevisionNote"; Value = "Re-released for DXP Platform."; VariantName = "[No Variations]"
Add component (AddParameter): Name = "PackageDescription"; Value = "Axial Device, Thru-Hole; 2 Leads; 0.4 in Pin Spacing"; VariantName = "[No Variations]"
Add component (AddParameter): Name = "PackageReference"; Value = "AXIAL-0.4"; VariantName = "[No Variations]"
Add component (AddParameter): Name = "Published"; Value = "8-Jun-2000"; VariantName = "[No Variations]"
Add component (AddParameter): Name = "Publisher"; Value = "Altium Limited"; VariantName = "[No Variations]"
Add component (AddParameter): Name = "Value"; Value = "1K"; VariantName = "[No Variations]"
Added Component: Designator=R5(0603R)
Add component. Clean all parameters for all variants
Add component (AddParameter): Name = "LatestRevisionDate"; Value = "17-Jul-2002"; VariantName = "[No Variations]"
Add component (AddParameter): Name = "LatestRevisionNote"; Value = "Re-released for DXP Platform."; VariantName = "[No Variations]"
Add component (AddParameter): Name = "PackageDescription"; Value = "Axial Device, Thru-Hole; 2 Leads; 0.4 in Pin Spacing"; VariantName = "[No Variations]"
Add component (AddParameter): Name = "PackageReference"; Value = "AXIAL-0.4"; VariantName = "[No Variations]"
Add component (AddParameter): Name = "Published"; Value = "8-Jun-2000"; VariantName = "[No Variations]"
Add component (AddParameter): Name = "Publisher"; Value = "Altium Limited"; VariantName = "[No Variations]"
Add component (AddParameter): Name = "Value"; Value = "1K"; VariantName = "[No Variations]"
Added Component: Designator=R21(0603R)
Add component. Clean all parameters for all variants
Add component (AddParameter): Name = "LatestRevisionDate"; Value = "17-Jul-2002"; VariantName = "[No Variations]"
Add component (AddParameter): Name = "LatestRevisionNote"; Value = "Re-released for DXP Platform."; VariantName = "[No Variations]"
Add component (AddParameter): Name = "PackageDescription"; Value = "Axial Device, Thru-Hole; 2 Leads; 0.4 in Pin Spacing"; VariantName = "[No Variations]"
Add component (AddParameter): Name = "PackageReference"; Value = "AXIAL-0.4"; VariantName = "[No Variations]"
Add component (AddParameter): Name = "Published"; Value = "8-Jun-2000"; VariantName = "[No Variations]"
Add component (AddParameter): Name = "Publisher"; Value = "Altium Limited"; VariantName = "[No Variations]"
Add component (AddParameter): Name = "Value"; Value = "10K"; VariantName = "[No Variations]"
Added Component: Designator=Safe1(0805R)
Add component. Clean all parameters for all variants
Add component (AddParameter): Name = "LatestRevisionDate"; Value = "17-Jul-2002"; VariantName = "[No Variations]"
Add component (AddParameter): Name = "LatestRevisionNote"; Value = "Re-released for DXP Platform."; VariantName = "[No Variations]"
Add component (AddParameter): Name = "PackageDescription"; Value = "Axial Device, Thru-Hole; 2 Leads; 0.4 in Pin Spacing"; VariantName = "[No Variations]"
Add component (AddParameter): Name = "PackageReference"; Value = "AXIAL-0.4"; VariantName = "[No Variations]"
Add component (AddParameter): Name = "Published"; Value = "8-Jun-2000"; VariantName = "[No Variations]"
Add component (AddParameter): Name = "Publisher"; Value = "Altium Limited"; VariantName = "[No Variations]"
Add component (AddParameter): Name = "Value"; Value = "1A"; VariantName = "[No Variations]"
Added Component: Designator=SPI?(GX1.25_T_6P)
Add component. Clean all parameters for all variants
Add component (AddParameter): Name = "LatestRevisionDate"; Value = "17-Jul-2002"; VariantName = "[No Variations]"
Add component (AddParameter): Name = "LatestRevisionNote"; Value = "Re-released for DXP Platform."; VariantName = "[No Variations]"
Add component (AddParameter): Name = "Publisher"; Value = "Altium Limited"; VariantName = "[No Variations]"
Added Pin To Net: NetName=Drv_BAT Pin=BAT?-1
Added Pin To Net: NetName=GND Pin=BAT?-2
Added Pin To Net: NetName=GND Pin=BlueTooth1-7
Added Pin To Net: NetName=GND Pin=BlueTooth1-8
Added Pin To Net: NetName=5v Pin=BlueTooth1-9
Added Pin To Net: NetName=Drv_BAT Pin=D4-2
Added Pin To Net: NetName=Drv_BAT Pin=DCDC-9
Added Pin To Net: NetName=Drv_BAT Pin=DCDC-10
Added Pin To Net: NetName=GND Pin=DCDC-11
Added Pin To Net: NetName=9v Pin=DCDC-12
Added Pin To Net: NetName=GND Pin=DCDC-15
Added Pin To Net: NetName=5v Pin=DCDC-16
Added Pin To Net: NetName=Drv_BAT Pin=Deck/Stepper1-1
Added Pin To Net: NetName=Drv_BAT Pin=Deck/Stepper1-2
Added Pin To Net: NetName=GND Pin=Deck/Stepper1-3
Added Pin To Net: NetName=GND Pin=Deck/Stepper1-4
Added Pin To Net: NetName=3v3 Pin=Deck/Stepper1-5
Added Pin To Net: NetName=3v3 Pin=Deck/Stepper1-6
Added Pin To Net: NetName=T1C3 Pin=Deck/Stepper1-7
Added Pin To Net: NetName=T1C4 Pin=Deck/Stepper1-8
Added Pin To Net: NetName=PC13 Pin=Deck/Stepper1-9
Added Pin To Net: NetName=PC14 Pin=Deck/Stepper1-10
Added Pin To Net: NetName=T2C1 Pin=Deck/Stepper1-11
Added Pin To Net: NetName=T2C2 Pin=Deck/Stepper1-12
Added Pin To Net: NetName=5v Pin=Deck/Stepper1-13
Added Pin To Net: NetName=5v Pin=Deck/Stepper1-14
Added Pin To Net: NetName=GND Pin=Deck/Stepper1-15
Added Pin To Net: NetName=GND Pin=Deck/Stepper1-16
Added Pin To Net: NetName=T1C1 Pin=P1-1
Added Pin To Net: NetName=MH1 Pin=P1-2
Added Pin To Net: NetName=T1C2 Pin=P1-3
Added Pin To Net: NetName=ML1 Pin=P1-4
Added Pin To Net: NetName=T1C3 Pin=P1-5
Added Pin To Net: NetName=MH2 Pin=P1-6
Added Pin To Net: NetName=T1C4 Pin=P1-7
Added Pin To Net: NetName=ML2 Pin=P1-8
Added Pin To Net: NetName=5v Pin=PowerMaster-1
Added Pin To Net: NetName=GND Pin=PowerMaster-6
Added Pin To Net: NetName=SW1 Pin=Q1-1
Added Pin To Net: NetName=PA7 Pin=Q1-2
Added Pin To Net: NetName=SPI_CS Pin=Q4-2
Added Pin To Net: NetName=SW4 Pin=Q5-1
Added Pin To Net: NetName=PC13 Pin=Q5-2
Added Pin To Net: NetName=SW5 Pin=Q6-1
Added Pin To Net: NetName=PC14 Pin=Q6-2
Added Pin To Net: NetName=SW6 Pin=Q7-1
Added Pin To Net: NetName=PC15 Pin=Q7-2
Added Pin To Net: NetName=PA7 Pin=R1-2
Added Pin To Net: NetName=3v3 Pin=R4-2
Added Pin To Net: NetName=GND Pin=R5-1
Added Pin To Net: NetName=SPI_CS Pin=R5-2
Added Pin To Net: NetName=PC13 Pin=R6-2
Added Pin To Net: NetName=PC14 Pin=R7-2
Added Pin To Net: NetName=PC15 Pin=R8-2
Added Pin To Net: NetName=U3TX Pin=R9-2
Added Pin To Net: NetName=U3RX Pin=R10-2
Added Pin To Net: NetName=GND Pin=R21-1
Added Pin To Net: NetName=VBAT Pin=Safe1-1
Added Pin To Net: NetName=3v3 Pin=SPI?-1
Added Pin To Net: NetName=SPI_MOSI Pin=SPI?-2
Added Pin To Net: NetName=SPI_MISO Pin=SPI?-3
Added Pin To Net: NetName=SPI_SCK Pin=SPI?-4
Added Pin To Net: NetName=GND Pin=SPI?-6
Change Net Name : Old Net Name=NetC5_2 New Net Name=NetC1_2
Change Net Name : Old Net Name=NetC6_2 New Net Name=NetC2_2
Change Net Name : Old Net Name=NetC7_2 New Net Name=NetC3_2
Change Net Name : Old Net Name=NetQ10_2 New Net Name=NetQ8_2
Change Net Name : Old Net Name=NetR19_1 New Net Name=NetR11_1
Change Net Name : Old Net Name=NetR20_1 New Net Name=NetR12_1
Change Net Name : Old Net Name=NetR21_1 New Net Name=NetR13_1
Change Net Name : Old Net Name=NetR33_2 New Net Name=NetR19_2
Added Pin To Net: NetName=NetD4_1 Pin=D4-1
Added Pin To Net: NetName=NetD4_1 Pin=R21-2
Added Net: Name=NetD4_1
Added Pin To Net: NetName=NetDCDC_13 Pin=DCDC-13
Added Pin To Net: NetName=NetDCDC_13 Pin=DCDC-14
Added Pin To Net: NetName=NetDCDC_13 Pin=Safe1-2
Added Net: Name=NetDCDC_13
Added Pin To Net: NetName=PB8 Pin=Q2-2
Added Pin To Net: NetName=PB8 Pin=R2-2
Added Pin To Net: NetName=PB8 Pin=U1-45
Added Net: Name=PB8
Added Pin To Net: NetName=PB9 Pin=Q3-2
Added Pin To Net: NetName=PB9 Pin=R3-2
Added Pin To Net: NetName=PB9 Pin=U1-46
Added Net: Name=PB9
Added Pin To Net: NetName=Rx Pin=BlueTooth1-5
Added Pin To Net: NetName=Rx Pin=BlueTooth1-6
Added Pin To Net: NetName=Rx Pin=R10-1
Added Net: Name=Rx
Added Pin To Net: NetName=Tx Pin=BlueTooth1-3
Added Pin To Net: NetName=Tx Pin=BlueTooth1-4
Added Pin To Net: NetName=Tx Pin=R9-1
Added Net: Name=Tx
Added Pin To Net: NetName=~SPI_CS Pin=Q4-1
Added Pin To Net: NetName=~SPI_CS Pin=R4-1
Added Pin To Net: NetName=~SPI_CS Pin=SPI?-5
Added Net: Name=~SPI_CS
Added Member To Class: ClassName=DemoCatV2 Member=Component BAT? XT30
Added Member To Class: ClassName=DemoCatV2 Member=Component BAT XT30
Added Member To Class: ClassName=DemoCatV2 Member=Component BlueTooth1 Header 6X2
Added Member To Class: ClassName=DemoCatV2 Member=Component Deck/Stepper1 Header 8X2
Added Member To Class: ClassName=DemoCatV2 Member=Component P1 Header 4X2
Added Member To Class: ClassName=DemoCatV2 Member=Component PowerMaster Header 6
Added Member To Class: ClassName=DemoCatV2 Member=Component Safe1 Res2
Added Member To Class: ClassName=DemoCatV2 Member=Component SPI? Header 6
Added Room: Name=DemoCatV2
