Removed Pin From Net: NetName=3v3 Pin=IO-1
Removed Pin From Net: NetName=3v3 Pin=IO-2
Removed Pin From Net: NetName=3v3 Pin=IO-3
Removed Pin From Net: NetName=5v Pin=IO-4
Removed Pin From Net: NetName=5v Pin=IO-5
Removed Pin From Net: NetName=5v Pin=IO-6
Removed Pin From Net: NetName=SW1 Pin=IO-7
Removed Pin From Net: NetName=SW2 Pin=IO-8
Removed Pin From Net: NetName=SW3 Pin=IO-9
Removed Pin From Net: NetName=SW4 Pin=IO-10
Removed Pin From Net: NetName=SW5 Pin=IO-11
Removed Pin From Net: NetName=SW6 Pin=IO-12
Added Pin To Net: NetName=SW1 Pin=IO-1
Added Pin To Net: NetName=SW2 Pin=IO-2
Added Pin To Net: NetName=SW3 Pin=IO-3
Added Pin To Net: NetName=SW4 Pin=IO-4
Added Pin To Net: NetName=SW5 Pin=IO-5
Added Pin To Net: NetName=SW6 Pin=IO-6
Added Pin To Net: NetName=3v3 Pin=IO-7
Added Pin To Net: NetName=3v3 Pin=IO-8
Added Pin To Net: NetName=5v Pin=IO-9
Added Pin To Net: NetName=5v Pin=IO-10
Added Pin To Net: NetName=5v Pin=IO-11
Added Pin To Net: NetName=5v Pin=IO-12
