Removed Pin From Net: NetName=Drv_BAT Pin=BAT?-1
Removed Pin From Net: NetName=GND Pin=BAT?-2
Removed Pin From Net: NetName=Drv_BAT Pin=Deck/Stepper1-1
Removed Pin From Net: NetName=Drv_BAT Pin=Deck/Stepper1-2
Removed Pin From Net: NetName=GND Pin=Deck/Stepper1-3
Removed Pin From Net: NetName=GND Pin=Deck/Stepper1-4
Removed Pin From Net: NetName=3v3 Pin=Deck/Stepper1-5
Removed Pin From Net: NetName=3v3 Pin=Deck/Stepper1-6
Removed Pin From Net: NetName=T1C3 Pin=Deck/Stepper1-7
Removed Pin From Net: NetName=T1C4 Pin=Deck/Stepper1-8
Removed Pin From Net: NetName=PC13 Pin=Deck/Stepper1-9
Removed Pin From Net: NetName=PC14 Pin=Deck/Stepper1-10
Removed Pin From Net: NetName=T2C1 Pin=Deck/Stepper1-11
Removed Pin From Net: NetName=T2C2 Pin=Deck/Stepper1-12
Removed Pin From Net: NetName=5v Pin=Deck/Stepper1-13
Removed Pin From Net: NetName=5v Pin=Deck/Stepper1-14
Removed Pin From Net: NetName=GND Pin=Deck/Stepper1-15
Removed Pin From Net: NetName=GND Pin=Deck/Stepper1-16
Removed Pin From Net: NetName=T1C1 Pin=P1-1
Removed Pin From Net: NetName=MH1 Pin=P1-2
Removed Pin From Net: NetName=T1C2 Pin=P1-3
Removed Pin From Net: NetName=ML1 Pin=P1-4
Removed Pin From Net: NetName=T1C3 Pin=P1-5
Removed Pin From Net: NetName=MH2 Pin=P1-6
Removed Pin From Net: NetName=T1C4 Pin=P1-7
Removed Pin From Net: NetName=ML2 Pin=P1-8
Removed Member From Class: ClassName=DemoCatV2 Member=BAT?
Removed Member From Class: ClassName=DemoCatV2 Member=Deck/Stepper1
Removed Member From Class: ClassName=DemoCatV2 Member=P1
Change Component Footprint: Designator=BlueTooth1 Old Footprint=HDR_EDGE_2x6 New Footprint=HDR2X6
Change Component Designator: OldDesignator=BlueTooth1 NewDesignator=BlueTooth
Added Component: Designator=Deck/Stepper(HDR_EDGE_2x6)
Add component. Clean all parameters for all variants
Add component (AddParameter): Name = "LatestRevisionDate"; Value = "17-Jul-2002"; VariantName = "[No Variations]"
Add component (AddParameter): Name = "LatestRevisionNote"; Value = "Re-released for DXP Platform."; VariantName = "[No Variations]"
Add component (AddParameter): Name = "Publisher"; Value = "Altium Limited"; VariantName = "[No Variations]"
Added Component: Designator=MotorDrv(HDR2X6)
Add component. Clean all parameters for all variants
Add component (AddParameter): Name = "LatestRevisionDate"; Value = "17-Jul-2002"; VariantName = "[No Variations]"
Add component (AddParameter): Name = "LatestRevisionNote"; Value = "Re-released for DXP Platform."; VariantName = "[No Variations]"
Add component (AddParameter): Name = "Publisher"; Value = "Altium Limited"; VariantName = "[No Variations]"
Added Pin To Net: NetName=Drv_BAT Pin=Deck/Stepper-1
Added Pin To Net: NetName=Drv_BAT Pin=Deck/Stepper-2
Added Pin To Net: NetName=3v3 Pin=Deck/Stepper-3
Added Pin To Net: NetName=3v3 Pin=Deck/Stepper-4
Added Pin To Net: NetName=PC13 Pin=Deck/Stepper-5
Added Pin To Net: NetName=PC14 Pin=Deck/Stepper-6
Added Pin To Net: NetName=T2C1 Pin=Deck/Stepper-7
Added Pin To Net: NetName=T2C2 Pin=Deck/Stepper-8
Added Pin To Net: NetName=5v Pin=Deck/Stepper-9
Added Pin To Net: NetName=5v Pin=Deck/Stepper-10
Added Pin To Net: NetName=GND Pin=Deck/Stepper-11
Added Pin To Net: NetName=GND Pin=Deck/Stepper-12
Added Pin To Net: NetName=T1C1 Pin=MotorDrv-1
Added Pin To Net: NetName=MH1 Pin=MotorDrv-2
Added Pin To Net: NetName=T1C2 Pin=MotorDrv-3
Added Pin To Net: NetName=ML1 Pin=MotorDrv-4
Added Pin To Net: NetName=T1C3 Pin=MotorDrv-5
Added Pin To Net: NetName=MH2 Pin=MotorDrv-6
Added Pin To Net: NetName=T1C4 Pin=MotorDrv-7
Added Pin To Net: NetName=ML2 Pin=MotorDrv-8
Added Pin To Net: NetName=GND Pin=MotorDrv-9
Added Pin To Net: NetName=Drv_BAT Pin=MotorDrv-10
Added Pin To Net: NetName=GND Pin=MotorDrv-11
Added Pin To Net: NetName=Drv_BAT Pin=MotorDrv-12
Change Class Name : Old Net Name=DemoCatV2 New Net Name=DemoCatV3
Added Member To Class: ClassName=DemoCatV3 Member=Component Deck/Stepper Header 6X2
Added Member To Class: ClassName=DemoCatV3 Member=Component MotorDrv Header 6X2
Added Room: Name=DemoCatV3
