Removed Pin From Net: NetName=Drv_BAT Pin=Deck/Stepper-2
Removed Pin From Net: NetName=3v3 Pin=Deck/Stepper-3
Removed Pin From Net: NetName=3v3 Pin=Deck/Stepper-4
Removed Pin From Net: NetName=SW5 Pin=Deck/Stepper-5
Removed Pin From Net: NetName=SW6 Pin=Deck/Stepper-6
Removed Pin From Net: NetName=T2C1 Pin=Deck/Stepper-7
Removed Pin From Net: NetName=T2C2 Pin=Deck/Stepper-8
Removed Pin From Net: NetName=5v Pin=Deck/Stepper-9
Removed Pin From Net: NetName=5v Pin=Deck/Stepper-10
Removed Pin From Net: NetName=GND Pin=Deck/Stepper-11
Removed Pin From Net: NetName=MH1 Pin=MotorDrv-2
Removed Pin From Net: NetName=T1C2 Pin=MotorDrv-3
Removed Pin From Net: NetName=ML1 Pin=MotorDrv-4
Removed Pin From Net: NetName=T1C3 Pin=MotorDrv-5
Removed Pin From Net: NetName=MH2 Pin=MotorDrv-6
Removed Pin From Net: NetName=T1C4 Pin=MotorDrv-7
Removed Pin From Net: NetName=ML2 Pin=MotorDrv-8
Removed Pin From Net: NetName=GND Pin=MotorDrv-9
Removed Pin From Net: NetName=Drv_BAT Pin=MotorDrv-10
Removed Pin From Net: NetName=GND Pin=MotorDrv-11
Change Component Footprint: Designator=Deck/Stepper Old Footprint=HDR_EDGE_2x6 New Footprint=HDR2X6_CEN
Change Component Comment : Designator=Deck/Stepper Old Comment=Header 6X2 New Comment=Header 6X2A
Change Component Comment : Designator=MotorDrv Old Comment=Header 6X2 New Comment=Header 6X2A
Added Pin To Net: NetName=3v3 Pin=Deck/Stepper-2
Added Pin To Net: NetName=SW5 Pin=Deck/Stepper-3
Added Pin To Net: NetName=T2C1 Pin=Deck/Stepper-4
Added Pin To Net: NetName=5v Pin=Deck/Stepper-5
Added Pin To Net: NetName=GND Pin=Deck/Stepper-6
Added Pin To Net: NetName=Drv_BAT Pin=Deck/Stepper-7
Added Pin To Net: NetName=3v3 Pin=Deck/Stepper-8
Added Pin To Net: NetName=SW6 Pin=Deck/Stepper-9
Added Pin To Net: NetName=T2C2 Pin=Deck/Stepper-10
Added Pin To Net: NetName=5v Pin=Deck/Stepper-11
Added Pin To Net: NetName=T1C2 Pin=MotorDrv-2
Added Pin To Net: NetName=T1C3 Pin=MotorDrv-3
Added Pin To Net: NetName=T1C4 Pin=MotorDrv-4
Added Pin To Net: NetName=GND Pin=MotorDrv-5
Added Pin To Net: NetName=GND Pin=MotorDrv-6
Added Pin To Net: NetName=MH1 Pin=MotorDrv-7
Added Pin To Net: NetName=ML1 Pin=MotorDrv-8
Added Pin To Net: NetName=MH2 Pin=MotorDrv-9
Added Pin To Net: NetName=ML2 Pin=MotorDrv-10
Added Pin To Net: NetName=Drv_BAT Pin=MotorDrv-11
